<?xml version="1.0" encoding="UTF-8"?>
<!-- Generated by org.testng.reporters.JUnitReportReporter -->
<testsuite hostname="DESKTOP-VAQKFJ2" failures="0" tests="1" name="qa.com.testSuites.RegisterSuite" time="9.286" errors="0" timestamp="2024-05-17T13:29:34 IST" skipped="0">
  <testcase classname="qa.com.testSuites.RegisterSuite" name="TC_RF_001_ValidateRegisteringAnAccountByProvidingOnlyMandatoryFields" time="9.286"/>
</testsuite> <!-- qa.com.testSuites.RegisterSuite -->
